Microsoft (R) Macro Assembler Version 14.29.30133.0	    09/28/21 12:14:39
copyswap.asm						     Page 1 - 1


				; Example assembly language program -- adds 158 to number in memory
				; Author:  Harry Patel
				; Date:    09/16/2021
				comment & we can comment in this 
				way to &

				.586
				.MODEL FLAT

				.STACK  4096            ; reserve 4096-byte stack

 00000000			.DATA                   ; reserve storage for data
				;dval dword   -1
				;dval dword -100
				;bval byte -10
				;tval dword -1


 00000000			.CODE                           ; start of main program code
 00000000			main    PROC
				        
				        ;mov ah, 0
				        ;mov   eax, 100            ; exit with return code 0 
				        ;mov edx,dval
				        ;mov dval, ecx
				        ;mov ebx,128
				        ;mov cl, bval
				        ;xchg tval, eax
				        ;xchg dl, dh
				        ;xchg eax, edx
 00000000  66| 87 DA		        xchg bx, dx
 00000003  C3			         ret    
 00000004			main    ENDP

				END                             ; end of source code 
Microsoft (R) Macro Assembler Version 14.29.30133.0	    09/28/21 12:14:39
copyswap.asm						     Symbols 2 - 1




Segments and Groups:

                N a m e                 Size     Length   Align   Combine Class

FLAT . . . . . . . . . . . . . .	GROUP
STACK  . . . . . . . . . . . . .	32 Bit	 00001000 Para	  Stack	  'STACK'	 
_DATA  . . . . . . . . . . . . .	32 Bit	 00000000 Para	  Public  'DATA'	
_TEXT  . . . . . . . . . . . . .	32 Bit	 00000004 Para	  Public  'CODE'	


Procedures, parameters, and locals:

                N a m e                 Type     Value    Attr

main . . . . . . . . . . . . . .	P Near	 00000000 _TEXT	Length= 00000004 Public


Symbols:

                N a m e                 Type     Value    Attr

@CodeSize  . . . . . . . . . . .	Number	 00000000h   
@DataSize  . . . . . . . . . . .	Number	 00000000h   
@Interface . . . . . . . . . . .	Number	 00000000h   
@Model . . . . . . . . . . . . .	Number	 00000007h   
@code  . . . . . . . . . . . . .	Text   	 _TEXT
@data  . . . . . . . . . . . . .	Text   	 FLAT
@fardata?  . . . . . . . . . . .	Text   	 FLAT
@fardata . . . . . . . . . . . .	Text   	 FLAT
@stack . . . . . . . . . . . . .	Text   	 FLAT

	   0 Warnings
	   0 Errors
